<?xml version="1.0" encoding="UTF-8"?>
<!-- Generated by org.testng.reporters.JUnitReportReporter -->
<testsuite hostname="Nada" failures="0" tests="3" name="runner.TestRunner" time="92.976" errors="0" timestamp="2025-10-11T19:44:42 WIB" skipped="0">
  <testcase classname="runner.TestRunner" name="runScenario" time="30.512"/>
  <testcase classname="runner.TestRunner" name="runScenario" time="31.737"/>
  <testcase classname="runner.TestRunner" name="runScenario" time="30.727"/>
</testsuite> <!-- runner.TestRunner -->
