<?xml version="1.0" encoding="UTF-8"?>
<!-- Generated by org.testng.reporters.JUnitReportReporter -->
<testsuite hostname="Nada" failures="0" tests="1" name="runner.TestRunner" time="31.816" errors="0" timestamp="2025-10-10T09:16:16 WIB" skipped="0">
  <testcase classname="runner.TestRunner" name="runScenario" time="31.816"/>
</testsuite> <!-- runner.TestRunner -->
